Jul 12, 2021 3:13:12 PM java.util.prefs.FileSystemPreferences$1 run
INFO: Created user preferences directory.
Jul 12, 2021 3:13:12 PM java.util.prefs.FileSystemPreferences$6 run
WARNING: Prefs file removed in background /home/zhuzl/.java/.userPrefs/prefs.xml
2021-07-12 15:14:30,084 [  77749]   WARN - nSystem.impl.ActionManagerImpl - keymap "Visual Studio" not found [Plugin: com.intellij] 
2021-07-12 15:14:30,088 [  77753]   WARN - nSystem.impl.ActionManagerImpl - keymap "Eclipse" not found [Plugin: com.intellij] 
2021-07-12 15:14:30,088 [  77753]   WARN - nSystem.impl.ActionManagerImpl - keymap "NetBeans 6.5" not found [Plugin: com.intellij] 
2021-07-12 15:14:30,088 [  77753]   WARN - nSystem.impl.ActionManagerImpl - keymap "Visual Studio" not found [Plugin: com.intellij] 
2021-07-12 15:14:30,112 [  77777]   WARN - nSystem.impl.ActionManagerImpl - keymap "Visual Studio" not found [Plugin: HtmlTools] 
2021-07-12 15:14:30,151 [  77816]   WARN - nSystem.impl.ActionManagerImpl - keymap "Eclipse" not found [Plugin: org.jetbrains.plugins.github] 
2021-07-12 15:14:30,158 [  77823]   WARN - nSystem.impl.ActionManagerImpl - keymap "Eclipse" not found [Plugin: JavaScript] 
2021-07-12 15:14:30,158 [  77823]   WARN - nSystem.impl.ActionManagerImpl - keymap "Visual Studio" not found [Plugin: JavaScript] 
2021-07-12 15:14:38,858 [  86523]   WARN - til.ui.update.LazyUiDisposable - use application as a parent disposable 
2021-07-12 15:14:41,938 [  89603]   WARN - til.ui.update.LazyUiDisposable - use application as a parent disposable 
2021-07-12 15:14:41,939 [  89604]   WARN - til.ui.update.LazyUiDisposable - use application as a parent disposable 
2021-07-12 15:14:46,714 [  94379]   WARN - arketplace.MarketplaceRequests - Error reading Marketplace file: url=https://plugins.jetbrains.com/files/brokenPlugins.json file=brokenPlugins.json 
com.fasterxml.jackson.databind.JsonMappingException: Unexpected end-of-input: was expecting closing quote for a string value
 at [Source: (BufferedReader); line: 1, column: 179635] (through reference chain: java.util.ArrayList[1436]->com.intellij.ide.plugins.marketplace.MarketplaceBrokenPlugin["version"])
	at com.fasterxml.jackson.databind.JsonMappingException.wrapWithPath(JsonMappingException.java:390)
	at com.fasterxml.jackson.databind.JsonMappingException.wrapWithPath(JsonMappingException.java:349)
	at com.fasterxml.jackson.databind.deser.BeanDeserializerBase.wrapAndThrow(BeanDeserializerBase.java:1807)
	at com.fasterxml.jackson.databind.deser.BeanDeserializer.vanillaDeserialize(BeanDeserializer.java:326)
	at com.fasterxml.jackson.databind.deser.BeanDeserializer.deserialize(BeanDeserializer.java:187)
	at com.fasterxml.jackson.databind.deser.std.CollectionDeserializer._deserializeFromArray(CollectionDeserializer.java:347)
	at com.fasterxml.jackson.databind.deser.std.CollectionDeserializer.deserialize(CollectionDeserializer.java:244)
	at com.fasterxml.jackson.databind.deser.std.CollectionDeserializer.deserialize(CollectionDeserializer.java:28)
	at com.fasterxml.jackson.databind.deser.DefaultDeserializationContext.readRootValue(DefaultDeserializationContext.java:322)
	at com.fasterxml.jackson.databind.ObjectMapper._readMapAndClose(ObjectMapper.java:4591)
	at com.fasterxml.jackson.databind.ObjectMapper.readValue(ObjectMapper.java:3567)
	at com.intellij.ide.plugins.marketplace.MarketplaceRequests$getBrokenPlugins$1.invoke(MarketplaceRequests.kt:189)
	at com.intellij.ide.plugins.marketplace.MarketplaceRequests$getBrokenPlugins$1.invoke(MarketplaceRequests.kt:39)
	at com.intellij.ide.plugins.marketplace.MarketplaceRequests$readOrUpdateFile$2.process(MarketplaceRequests.kt:282)
	at com.intellij.util.io.HttpRequests.doProcess(HttpRequests.java:531)
	at com.intellij.util.io.HttpRequests.process(HttpRequests.java:513)
	at com.intellij.util.io.HttpRequests$RequestBuilderImpl.connect(HttpRequests.java:332)
	at com.intellij.ide.plugins.marketplace.MarketplaceRequests.readOrUpdateFile(MarketplaceRequests.kt:262)
	at com.intellij.ide.plugins.marketplace.MarketplaceRequests.getBrokenPlugins(MarketplaceRequests.kt:184)
	at com.intellij.openapi.updateSettings.impl.UpdateChecker.getBrokenPlugins(UpdateChecker.kt:333)
	at com.intellij.openapi.updateSettings.impl.UpdateChecker.checkPluginsUpdate(UpdateChecker.kt:284)
	at com.intellij.openapi.updateSettings.impl.UpdateChecker.checkPluginsUpdate$default(UpdateChecker.kt:282)
	at com.intellij.openapi.updateSettings.impl.UpdateChecker.checkPluginsUpdate(UpdateChecker.kt)
	at com.intellij.ide.plugins.newui.PluginUpdatesService.lambda$calculateUpdates$3(PluginUpdatesService.java:202)
	at com.intellij.util.concurrency.BoundedTaskExecutor.doRun(BoundedTaskExecutor.java:216)
	at com.intellij.util.concurrency.BoundedTaskExecutor.access$200(BoundedTaskExecutor.java:27)
	at com.intellij.util.concurrency.BoundedTaskExecutor$1.execute(BoundedTaskExecutor.java:195)
	at com.intellij.util.concurrency.BoundedTaskExecutor$1.run(BoundedTaskExecutor.java:187)
	at java.base/java.util.concurrent.ThreadPoolExecutor.runWorker(ThreadPoolExecutor.java:1128)
	at java.base/java.util.concurrent.ThreadPoolExecutor$Worker.run(ThreadPoolExecutor.java:628)
	at java.base/java.util.concurrent.Executors$PrivilegedThreadFactory$1$1.run(Executors.java:668)
	at java.base/java.util.concurrent.Executors$PrivilegedThreadFactory$1$1.run(Executors.java:665)
	at java.base/java.security.AccessController.doPrivileged(Native Method)
	at java.base/java.util.concurrent.Executors$PrivilegedThreadFactory$1.run(Executors.java:665)
	at java.base/java.lang.Thread.run(Thread.java:829)
Caused by: com.fasterxml.jackson.core.io.JsonEOFException: Unexpected end-of-input: was expecting closing quote for a string value
 at [Source: (BufferedReader); line: 1, column: 179635]
	at com.fasterxml.jackson.core.base.ParserMinimalBase._reportInvalidEOF(ParserMinimalBase.java:662)
	at com.fasterxml.jackson.core.json.ReaderBasedJsonParser._finishString2(ReaderBasedJsonParser.java:2087)
	at com.fasterxml.jackson.core.json.ReaderBasedJsonParser._finishString(ReaderBasedJsonParser.java:2074)
	at com.fasterxml.jackson.core.json.ReaderBasedJsonParser.getText(ReaderBasedJsonParser.java:299)
	at com.fasterxml.jackson.databind.deser.std.StringDeserializer.deserialize(StringDeserializer.java:41)
	at com.fasterxml.jackson.databind.deser.std.StringDeserializer.deserialize(StringDeserializer.java:11)
	at com.fasterxml.jackson.databind.deser.impl.FieldProperty.deserializeAndSet(FieldProperty.java:138)
	at com.fasterxml.jackson.databind.deser.BeanDeserializer.vanillaDeserialize(BeanDeserializer.java:324)
	... 31 more
2021-07-12 15:14:46,718 [  94383]   WARN - arketplace.MarketplaceRequests - Can not get broken plugins file from Marketplace:Unexpected end-of-input: was expecting closing quote for a string value
 at [Source: (BufferedReader); line: 1, column: 179635] (through reference chain: java.util.ArrayList[1436]->com.intellij.ide.plugins.marketplace.MarketplaceBrokenPlugin["version"]) 
2021-07-12 15:16:41,256 [ 208921]   WARN - ent.TerminalArrangementManager - Cannot list files in /home/zhuzl/.config/JetBrains/GoLand2021.1/terminal 
java.nio.file.NoSuchFileException: /home/zhuzl/.config/JetBrains/GoLand2021.1/terminal
	at java.base/sun.nio.fs.UnixException.translateToIOException(UnixException.java:92)
	at java.base/sun.nio.fs.UnixException.rethrowAsIOException(UnixException.java:111)
	at java.base/sun.nio.fs.UnixException.rethrowAsIOException(UnixException.java:116)
	at java.base/sun.nio.fs.UnixFileSystemProvider.newDirectoryStream(UnixFileSystemProvider.java:432)
	at java.base/java.nio.file.Files.newDirectoryStream(Files.java:472)
	at java.base/java.nio.file.Files.list(Files.java:3774)
	at org.jetbrains.plugins.terminal.arrangement.TerminalCommandHistoryManager.deleteOldHistoryDir(TerminalCommandHistoryManager.java:114)
	at org.jetbrains.plugins.terminal.arrangement.TerminalCommandHistoryManager.getCommandHistoryDir(TerminalCommandHistoryManager.java:89)
	at org.jetbrains.plugins.terminal.arrangement.TerminalCommandHistoryManager.getOrCreateCommandHistoryFile(TerminalCommandHistoryManager.java:39)
	at org.jetbrains.plugins.terminal.arrangement.TerminalArrangementManager.assignCommandHistoryFile(TerminalArrangementManager.java:90)
	at org.jetbrains.plugins.terminal.TerminalView.createTerminalContent(TerminalView.java:241)
	at org.jetbrains.plugins.terminal.TerminalView.createNewTab(TerminalView.java:203)
	at org.jetbrains.plugins.terminal.TerminalView.createNewSession(TerminalView.java:178)
	at org.jetbrains.plugins.terminal.TerminalView$2.toolWindowShown(TerminalView.java:125)
	at com.intellij.util.messages.impl.MessageBusImpl.invokeMethod(MessageBusImpl.java:674)
	at com.intellij.util.messages.impl.MessageBusImpl.invokeListener(MessageBusImpl.java:649)
	at com.intellij.util.messages.impl.MessageBusImpl.deliverMessage(MessageBusImpl.java:422)
	at com.intellij.util.messages.impl.MessageBusImpl.pumpWaitingBuses(MessageBusImpl.java:397)
	at com.intellij.util.messages.impl.MessageBusImpl.pumpMessages(MessageBusImpl.java:379)
	at com.intellij.util.messages.impl.MessageBusImpl.access$100(MessageBusImpl.java:33)
	at com.intellij.util.messages.impl.MessageBusImpl$MessagePublisher.invoke(MessageBusImpl.java:185)
	at com.sun.proxy.$Proxy74.toolWindowShown(Unknown Source)
	at com.intellij.openapi.wm.impl.ToolWindowManagerImpl.fireToolWindowShown(ToolWindowManagerImpl.kt:1650)
	at com.intellij.openapi.wm.impl.ToolWindowManagerImpl.doShowWindow(ToolWindowManagerImpl.kt:1023)
	at com.intellij.openapi.wm.impl.ToolWindowManagerImpl.showToolWindowImpl(ToolWindowManagerImpl.kt:968)
	at com.intellij.openapi.wm.impl.ToolWindowManagerImpl.activateToolWindow(ToolWindowManagerImpl.kt:668)
	at com.intellij.openapi.wm.impl.ToolWindowManagerImpl.activateToolWindow$default(ToolWindowManagerImpl.kt:646)
	at com.intellij.openapi.wm.impl.ToolWindowManagerImpl.activated$intellij_platform_ide_impl(ToolWindowManagerImpl.kt:1985)
	at com.intellij.openapi.wm.impl.StripeButton.lambda$new$0(StripeButton.java:67)
	at java.desktop/javax.swing.AbstractButton.fireActionPerformed(AbstractButton.java:1967)
	at java.desktop/javax.swing.AbstractButton$Handler.actionPerformed(AbstractButton.java:2308)
	at java.desktop/javax.swing.DefaultButtonModel.fireActionPerformed(DefaultButtonModel.java:405)
	at java.desktop/javax.swing.JToggleButton$ToggleButtonModel.setPressed(JToggleButton.java:401)
	at java.desktop/javax.swing.plaf.basic.BasicButtonListener.mouseReleased(BasicButtonListener.java:270)
	at java.desktop/java.awt.AWTEventMulticaster.mouseReleased(AWTEventMulticaster.java:297)
	at java.desktop/java.awt.AWTEventMulticaster.mouseReleased(AWTEventMulticaster.java:297)
	at java.desktop/java.awt.Component.processMouseEvent(Component.java:6652)
	at java.desktop/javax.swing.JComponent.processMouseEvent(JComponent.java:3345)
	at com.intellij.openapi.wm.impl.StripeButton.processMouseEvent(StripeButton.java:315)
	at java.desktop/java.awt.Component.processEvent(Component.java:6417)
	at java.desktop/java.awt.Container.processEvent(Container.java:2263)
	at java.desktop/java.awt.Component.dispatchEventImpl(Component.java:5027)
	at java.desktop/java.awt.Container.dispatchEventImpl(Container.java:2321)
	at java.desktop/java.awt.Component.dispatchEvent(Component.java:4859)
	at java.desktop/java.awt.LightweightDispatcher.retargetMouseEvent(Container.java:4918)
	at java.desktop/java.awt.LightweightDispatcher.processMouseEvent(Container.java:4547)
	at java.desktop/java.awt.LightweightDispatcher.dispatchEvent(Container.java:4488)
	at java.desktop/java.awt.Container.dispatchEventImpl(Container.java:2307)
	at java.desktop/java.awt.Window.dispatchEventImpl(Window.java:2784)
	at java.desktop/java.awt.Component.dispatchEvent(Component.java:4859)
	at java.desktop/java.awt.EventQueue.dispatchEventImpl(EventQueue.java:778)
	at java.desktop/java.awt.EventQueue$4.run(EventQueue.java:727)
	at java.desktop/java.awt.EventQueue$4.run(EventQueue.java:721)
	at java.base/java.security.AccessController.doPrivileged(Native Method)
	at java.base/java.security.ProtectionDomain$JavaSecurityAccessImpl.doIntersectionPrivilege(ProtectionDomain.java:85)
	at java.base/java.security.ProtectionDomain$JavaSecurityAccessImpl.doIntersectionPrivilege(ProtectionDomain.java:95)
	at java.desktop/java.awt.EventQueue$5.run(EventQueue.java:751)
	at java.desktop/java.awt.EventQueue$5.run(EventQueue.java:749)
	at java.base/java.security.AccessController.doPrivileged(Native Method)
	at java.base/java.security.ProtectionDomain$JavaSecurityAccessImpl.doIntersectionPrivilege(ProtectionDomain.java:85)
	at java.desktop/java.awt.EventQueue.dispatchEvent(EventQueue.java:748)
	at com.intellij.ide.IdeEventQueue.defaultDispatchEvent(IdeEventQueue.java:969)
	at com.intellij.ide.IdeEventQueue.dispatchMouseEvent(IdeEventQueue.java:906)
	at com.intellij.ide.IdeEventQueue._dispatchEvent(IdeEventQueue.java:836)
	at com.intellij.ide.IdeEventQueue.lambda$dispatchEvent$8(IdeEventQueue.java:449)
	at com.intellij.openapi.progress.impl.CoreProgressManager.computePrioritized(CoreProgressManager.java:808)
	at com.intellij.ide.IdeEventQueue.lambda$dispatchEvent$9(IdeEventQueue.java:448)
	at com.intellij.openapi.application.impl.ApplicationImpl.runIntendedWriteActionOnCurrentThread(ApplicationImpl.java:781)
	at com.intellij.ide.IdeEventQueue.dispatchEvent(IdeEventQueue.java:502)
	at java.desktop/java.awt.EventDispatchThread.pumpOneEventForFilters(EventDispatchThread.java:203)
	at java.desktop/java.awt.EventDispatchThread.pumpEventsForFilter(EventDispatchThread.java:124)
	at java.desktop/java.awt.EventDispatchThread.pumpEventsForHierarchy(EventDispatchThread.java:113)
	at java.desktop/java.awt.EventDispatchThread.pumpEvents(EventDispatchThread.java:109)
	at java.desktop/java.awt.EventDispatchThread.pumpEvents(EventDispatchThread.java:101)
	at java.desktop/java.awt.EventDispatchThread.run(EventDispatchThread.java:90)
